<?xml version="1.0" encoding="UTF-8"?>
<!-- Generated by org.testng.reporters.JUnitXMLReporter -->
<testsuite hostname="avanis-glaptop" name="Default test" tests="5" failures="0" timestamp="23 Jan 2016 11:33:00 GMT" time="34.007" errors="0">
  <testcase name="testValidateSalesTax" time="9.019" classname="tests.StateTest"/>
  <testcase name="testValidateSalesTax" time="2.925" classname="tests.StateTest"/>
  <testcase name="testValidateSalesTax" time="2.806" classname="tests.StateTest"/>
  <testcase name="testValidateSalesTax" time="2.736" classname="tests.StateTest"/>
  <testcase name="testValidateSalesTax" time="2.804" classname="tests.StateTest"/>
</testsuite> <!-- Default test -->
