<?xml version="1.0" encoding="UTF-8"?>
<!-- Generated by org.testng.reporters.JUnitXMLReporter -->
<testsuite hostname="avanis-glaptop" name="Default test" tests="4" failures="0" timestamp="23 Jan 2016 10:52:37 GMT" time="22.623" errors="0">
  <testcase name="testSubTotalForProductElephant" time="2.884" classname="tests.ProductTests"/>
  <testcase name="testSubTotalForProductGiraffe" time="2.764" classname="tests.ProductTests"/>
  <testcase name="testSubTotalForProductLion" time="2.974" classname="tests.ProductTests"/>
  <testcase name="testSubTotalForProductZebra" time="2.756" classname="tests.ProductTests"/>
</testsuite> <!-- Default test -->
