<?xml version="1.0" encoding="UTF-8"?>
<!-- Generated by org.testng.reporters.JUnitXMLReporter -->
<testsuite hostname="avanis-glaptop" name="testProduct" tests="6" failures="0" timestamp="23 Jan 2016 11:35:22 GMT" time="30.117" errors="0">
  <testcase name="testInvalidInput" time="0.0" classname="tests.ProductTests"/>
  <testcase name="testSubTotalForAll" time="0.001" classname="tests.ProductTests"/>
  <testcase name="testSubTotalForProductElephant" time="2.745" classname="tests.ProductTests"/>
  <testcase name="testSubTotalForProductGiraffe" time="2.776" classname="tests.ProductTests"/>
  <testcase name="testSubTotalForProductLion" time="2.622" classname="tests.ProductTests"/>
  <testcase name="testSubTotalForProductZebra" time="2.758" classname="tests.ProductTests"/>
</testsuite> <!-- testProduct -->
