<?xml version="1.0" encoding="UTF-8"?>
<!-- Generated by org.testng.reporters.JUnitXMLReporter -->
<testsuite hostname="avanis-glaptop" name="testValidateSalesTax" tests="5" failures="0" timestamp="23 Jan 2016 11:34:52 GMT" time="27.263" errors="0">
  <testcase name="testValidateSalesTax" time="2.727" classname="tests.StateTest"/>
  <testcase name="testValidateSalesTax" time="2.725" classname="tests.StateTest"/>
  <testcase name="testValidateSalesTax" time="2.836" classname="tests.StateTest"/>
  <testcase name="testValidateSalesTax" time="2.731" classname="tests.StateTest"/>
  <testcase name="testValidateSalesTax" time="2.818" classname="tests.StateTest"/>
</testsuite> <!-- testValidateSalesTax -->
