<?xml version="1.0" encoding="UTF-8"?>
<testng-results skipped="0" failed="0" total="6" passed="6">
  <reporter-output>
  </reporter-output>
  <suite name="Default suite" duration-ms="34073" started-at="2016-01-24T03:27:27Z" finished-at="2016-01-24T03:28:01Z">
    <groups>
    </groups>
    <test name="Default test" duration-ms="34073" started-at="2016-01-24T03:27:27Z" finished-at="2016-01-24T03:28:01Z">
      <class name="tests.StateTest">
        <test-method status="PASS" signature="beforeTest()[pri:0, instance:tests.StateTest@2f4bd4d1]" name="beforeTest" is-config="true" duration-ms="3434" started-at="2016-01-23T19:27:27Z" finished-at="2016-01-23T19:27:30Z">
          <reporter-output>
          </reporter-output>
        </test-method> <!-- beforeTest -->
        <test-method status="PASS" signature="testValidateSalesTax(java.lang.String, java.lang.Double)[pri:0, instance:tests.StateTest@2f4bd4d1]" name="testValidateSalesTax" duration-ms="3073" started-at="2016-01-23T19:27:30Z" data-provider="TestStatesProvider" finished-at="2016-01-23T19:27:33Z">
          <params>
            <param index="0">
              <value>
                <![CDATA[CA]]>
              </value>
            </param>
            <param index="1">
              <value>
                <![CDATA[0.08]]>
              </value>
            </param>
          </params>
          <reporter-output>
          </reporter-output>
        </test-method> <!-- testValidateSalesTax -->
        <test-method status="PASS" signature="afterTest()[pri:0, instance:tests.StateTest@2f4bd4d1]" name="afterTest" is-config="true" duration-ms="10" started-at="2016-01-23T19:27:33Z" finished-at="2016-01-23T19:27:33Z">
          <reporter-output>
          </reporter-output>
        </test-method> <!-- afterTest -->
        <test-method status="PASS" signature="beforeTest()[pri:0, instance:tests.StateTest@2f4bd4d1]" name="beforeTest" is-config="true" duration-ms="2488" started-at="2016-01-23T19:27:33Z" finished-at="2016-01-23T19:27:36Z">
          <reporter-output>
          </reporter-output>
        </test-method> <!-- beforeTest -->
        <test-method status="PASS" signature="testValidateSalesTax(java.lang.String, java.lang.Double)[pri:0, instance:tests.StateTest@2f4bd4d1]" name="testValidateSalesTax" duration-ms="2779" started-at="2016-01-23T19:27:36Z" data-provider="TestStatesProvider" finished-at="2016-01-23T19:27:38Z">
          <params>
            <param index="0">
              <value>
                <![CDATA[NY]]>
              </value>
            </param>
            <param index="1">
              <value>
                <![CDATA[0.06]]>
              </value>
            </param>
          </params>
          <reporter-output>
          </reporter-output>
        </test-method> <!-- testValidateSalesTax -->
        <test-method status="PASS" signature="afterTest()[pri:0, instance:tests.StateTest@2f4bd4d1]" name="afterTest" is-config="true" duration-ms="10" started-at="2016-01-23T19:27:38Z" finished-at="2016-01-23T19:27:38Z">
          <reporter-output>
          </reporter-output>
        </test-method> <!-- afterTest -->
        <test-method status="PASS" signature="beforeTest()[pri:0, instance:tests.StateTest@2f4bd4d1]" name="beforeTest" is-config="true" duration-ms="2573" started-at="2016-01-23T19:27:38Z" finished-at="2016-01-23T19:27:41Z">
          <reporter-output>
          </reporter-output>
        </test-method> <!-- beforeTest -->
        <test-method status="PASS" signature="testValidateSalesTax(java.lang.String, java.lang.Double)[pri:0, instance:tests.StateTest@2f4bd4d1]" name="testValidateSalesTax" duration-ms="2820" started-at="2016-01-23T19:27:41Z" data-provider="TestStatesProvider" finished-at="2016-01-23T19:27:44Z">
          <params>
            <param index="0">
              <value>
                <![CDATA[MN]]>
              </value>
            </param>
            <param index="1">
              <value>
                <![CDATA[0.0]]>
              </value>
            </param>
          </params>
          <reporter-output>
          </reporter-output>
        </test-method> <!-- testValidateSalesTax -->
        <test-method status="PASS" signature="afterTest()[pri:0, instance:tests.StateTest@2f4bd4d1]" name="afterTest" is-config="true" duration-ms="12" started-at="2016-01-23T19:27:44Z" finished-at="2016-01-23T19:27:44Z">
          <reporter-output>
          </reporter-output>
        </test-method> <!-- afterTest -->
        <test-method status="PASS" signature="beforeTest()[pri:0, instance:tests.StateTest@2f4bd4d1]" name="beforeTest" is-config="true" duration-ms="2510" started-at="2016-01-23T19:27:44Z" finished-at="2016-01-23T19:27:46Z">
          <reporter-output>
          </reporter-output>
        </test-method> <!-- beforeTest -->
        <test-method status="PASS" signature="testValidateSalesTax(java.lang.String, java.lang.Double)[pri:0, instance:tests.StateTest@2f4bd4d1]" name="testValidateSalesTax" duration-ms="3105" started-at="2016-01-23T19:27:46Z" data-provider="TestStatesProvider" finished-at="2016-01-23T19:27:49Z">
          <params>
            <param index="0">
              <value>
                <![CDATA[AL]]>
              </value>
            </param>
            <param index="1">
              <value>
                <![CDATA[0.05]]>
              </value>
            </param>
          </params>
          <reporter-output>
          </reporter-output>
        </test-method> <!-- testValidateSalesTax -->
        <test-method status="PASS" signature="afterTest()[pri:0, instance:tests.StateTest@2f4bd4d1]" name="afterTest" is-config="true" duration-ms="11" started-at="2016-01-23T19:27:49Z" finished-at="2016-01-23T19:27:49Z">
          <reporter-output>
          </reporter-output>
        </test-method> <!-- afterTest -->
        <test-method status="PASS" signature="beforeTest()[pri:0, instance:tests.StateTest@2f4bd4d1]" name="beforeTest" is-config="true" duration-ms="2551" started-at="2016-01-23T19:27:49Z" finished-at="2016-01-23T19:27:52Z">
          <reporter-output>
          </reporter-output>
        </test-method> <!-- beforeTest -->
        <test-method status="PASS" signature="testValidateSalesTax(java.lang.String, java.lang.Double)[pri:0, instance:tests.StateTest@2f4bd4d1]" name="testValidateSalesTax" duration-ms="3159" started-at="2016-01-23T19:27:52Z" data-provider="TestStatesProvider" finished-at="2016-01-23T19:27:55Z">
          <params>
            <param index="0">
              <value>
                <![CDATA[CT]]>
              </value>
            </param>
            <param index="1">
              <value>
                <![CDATA[0.05]]>
              </value>
            </param>
          </params>
          <reporter-output>
          </reporter-output>
        </test-method> <!-- testValidateSalesTax -->
        <test-method status="PASS" signature="afterTest()[pri:0, instance:tests.StateTest@2f4bd4d1]" name="afterTest" is-config="true" duration-ms="10" started-at="2016-01-23T19:27:55Z" finished-at="2016-01-23T19:27:55Z">
          <reporter-output>
          </reporter-output>
        </test-method> <!-- afterTest -->
        <test-method status="PASS" signature="beforeTest()[pri:0, instance:tests.StateTest@2f4bd4d1]" name="beforeTest" is-config="true" duration-ms="2567" started-at="2016-01-23T19:27:55Z" finished-at="2016-01-23T19:27:58Z">
          <reporter-output>
          </reporter-output>
        </test-method> <!-- beforeTest -->
        <test-method status="PASS" signature="testValidateSalesTax(java.lang.String, java.lang.Double)[pri:0, instance:tests.StateTest@2f4bd4d1]" name="testValidateSalesTax" duration-ms="2918" started-at="2016-01-23T19:27:58Z" data-provider="TestStatesProvider" finished-at="2016-01-23T19:28:01Z">
          <params>
            <param index="0">
              <value>
                <![CDATA[ND]]>
              </value>
            </param>
            <param index="1">
              <value>
                <![CDATA[0.1]]>
              </value>
            </param>
          </params>
          <reporter-output>
          </reporter-output>
        </test-method> <!-- testValidateSalesTax -->
        <test-method status="PASS" signature="afterTest()[pri:0, instance:tests.StateTest@2f4bd4d1]" name="afterTest" is-config="true" duration-ms="14" started-at="2016-01-23T19:28:01Z" finished-at="2016-01-23T19:28:01Z">
          <reporter-output>
          </reporter-output>
        </test-method> <!-- afterTest -->
      </class> <!-- tests.StateTest -->
    </test> <!-- Default test -->
  </suite> <!-- Default suite -->
</testng-results>
