<?xml version="1.0" encoding="UTF-8"?>
<!-- Generated by org.testng.reporters.JUnitXMLReporter -->
<testsuite hostname="avanis-glaptop" name="testValidateSalesTax" tests="6" failures="0" timestamp="24 Jan 2016 04:42:46 GMT" time="35.228" errors="0">
  <testcase name="testValidateSalesTax" time="3.275" classname="tests.StateTest"/>
  <testcase name="testValidateSalesTax" time="3.311" classname="tests.StateTest"/>
  <testcase name="testValidateSalesTax" time="3.374" classname="tests.StateTest"/>
  <testcase name="testValidateSalesTax" time="3.344" classname="tests.StateTest"/>
  <testcase name="testValidateSalesTax" time="3.503" classname="tests.StateTest"/>
  <testcase name="testValidateSalesTax" time="3.338" classname="tests.StateTest"/>
</testsuite> <!-- testValidateSalesTax -->
