<?xml version="1.0" encoding="UTF-8"?>
<!-- Generated by org.testng.reporters.JUnitXMLReporter -->
<testsuite hostname="avanis-glaptop" name="testProduct" tests="5" failures="0" timestamp="24 Jan 2016 04:43:13 GMT" time="26.792" errors="0">
  <testcase name="testMultipleProducts" time="2.993" classname="tests.ProductTests"/>
  <testcase name="testSubTotalForProductElephant" time="2.999" classname="tests.ProductTests"/>
  <testcase name="testSubTotalForProductGiraffe" time="2.778" classname="tests.ProductTests"/>
  <testcase name="testSubTotalForProductLion" time="2.735" classname="tests.ProductTests"/>
  <testcase name="testSubTotalForProductZebra" time="2.698" classname="tests.ProductTests"/>
</testsuite> <!-- testProduct -->
