<?xml version="1.0" encoding="UTF-8"?>
<!-- Generated by org.testng.reporters.JUnitXMLReporter -->
<testsuite hostname="avanis-glaptop" name="testProduct" tests="6" failures="0" timestamp="24 Jan 2016 03:06:08 GMT" time="33.019" errors="0">
  <testcase name="testInvalidInput" time="0.0" classname="tests.ProductTests"/>
  <testcase name="testSubTotalForAll" time="0.0" classname="tests.ProductTests"/>
  <testcase name="testSubTotalForProductElephant" time="3.07" classname="tests.ProductTests"/>
  <testcase name="testSubTotalForProductGiraffe" time="3.613" classname="tests.ProductTests"/>
  <testcase name="testSubTotalForProductLion" time="3.239" classname="tests.ProductTests"/>
  <testcase name="testSubTotalForProductZebra" time="3.018" classname="tests.ProductTests"/>
</testsuite> <!-- testProduct -->
