<?xml version="1.0" encoding="UTF-8"?>
<!-- Generated by org.testng.reporters.JUnitXMLReporter -->
<testsuite hostname="avanis-glaptop" name="testValidateSalesTax" tests="5" failures="0" timestamp="24 Jan 2016 03:05:35 GMT" time="30.891" errors="0">
  <testcase name="testValidateSalesTax" time="3.12" classname="tests.StateTest"/>
  <testcase name="testValidateSalesTax" time="3.404" classname="tests.StateTest"/>
  <testcase name="testValidateSalesTax" time="5.471" classname="tests.StateTest"/>
  <testcase name="testValidateSalesTax" time="3.138" classname="tests.StateTest"/>
  <testcase name="testValidateSalesTax" time="3.2" classname="tests.StateTest"/>
</testsuite> <!-- testValidateSalesTax -->
